2025-06-13 12:24:00 | INFO | repo=2017-course-sys-int-activemq-seminar | action=commit
2025-03-13 07:03:00 | WARN | repo=2017-course-sys-int-activemq-seminar | action=edit | files=2
2025-01-05 17:36:00 | DEBUG | repo=2017-course-sys-int-activemq-seminar | action=commit
2025-02-10 15:55:00 | INFO | repo=2017-course-sys-int-activemq-seminar | action=test | passed=true
2025-05-22 20:28:00 | DEBUG | repo=2017-course-sys-int-activemq-seminar | action=commit
2025-01-26 10:43:00 | INFO | repo=2017-course-sys-int-activemq-seminar | action=commit
2025-05-17 08:28:00 | INFO | repo=2017-course-sys-int-activemq-seminar | action=test | passed=true
2025-09-17 14:57:00 | INFO | repo=2017-course-sys-int-activemq-seminar | action=edit | files=1
2025-11-11 07:18:00 | INFO | repo=2017-course-sys-int-activemq-seminar | action=pull
2025-02-17 14:43:00 | WARN | repo=2017-course-sys-int-activemq-seminar | action=commit
2025-02-22 20:07:00 | INFO | repo=2017-course-sys-int-activemq-seminar | action=edit | files=1
2025-01-27 11:39:00 | WARN | repo=2017-course-sys-int-activemq-seminar | action=pull
2025-09-03 17:17:00 | WARN | repo=2017-course-sys-int-activemq-seminar | action=pull
2025-02-27 20:20:00 | INFO | repo=2017-course-sys-int-activemq-seminar | action=pull
2025-08-15 18:06:00 | DEBUG | repo=2017-course-sys-int-activemq-seminar | action=commit
2025-11-22 08:22:00 | WARN | repo=2017-course-sys-int-activemq-seminar | action=commit
2025-12-27 21:26:00 | INFO | repo=2017-course-sys-int-activemq-seminar | action=pull
2025-07-12 10:43:00 | INFO | repo=2017-course-sys-int-activemq-seminar | action=commit
2025-10-25 12:03:00 | INFO | repo=2017-course-sys-int-activemq-seminar | action=pull
2025-10-01 09:58:00 | WARN | repo=2017-course-sys-int-activemq-seminar | action=test | passed=true
2025-03-11 18:50:00 | WARN | repo=2017-course-sys-int-activemq-seminar | action=test | passed=true
2025-10-22 20:15:00 | WARN | repo=2017-course-sys-int-activemq-seminar | action=test | passed=true
2025-01-06 20:40:00 | INFO | repo=2017-course-sys-int-activemq-seminar | action=edit | files=4
2025-04-26 07:46:00 | WARN | repo=2017-course-sys-int-activemq-seminar | action=edit | files=4
2025-10-04 17:43:00 | WARN | repo=2017-course-sys-int-activemq-seminar | action=pull
2025-11-26 10:41:00 | WARN | repo=2017-course-sys-int-activemq-seminar | action=commit
2025-07-25 20:09:00 | DEBUG | repo=2017-course-sys-int-activemq-seminar | action=commit
2025-04-02 15:52:00 | WARN | repo=2017-course-sys-int-activemq-seminar | action=commit
2025-10-13 21:31:00 | WARN | repo=2017-course-sys-int-activemq-seminar | action=pull
2025-02-10 10:07:00 | WARN | repo=2017-course-sys-int-activemq-seminar | action=pull
2025-10-10 16:00:00 | DEBUG | repo=2017-course-sys-int-activemq-seminar | action=test | passed=true
2025-03-07 16:27:00 | INFO | repo=2017-course-sys-int-activemq-seminar | action=test | passed=true
2025-02-28 08:34:00 | INFO | repo=2017-course-sys-int-activemq-seminar | action=commit
2025-05-02 10:53:00 | WARN | repo=2017-course-sys-int-activemq-seminar | action=pull
2025-04-03 13:15:00 | DEBUG | repo=2017-course-sys-int-activemq-seminar | action=test | passed=true
2025-12-21 18:54:00 | WARN | repo=2017-course-sys-int-activemq-seminar | action=commit
2025-01-14 21:16:00 | WARN | repo=2017-course-sys-int-activemq-seminar | action=edit | files=3
2025-02-26 08:36:00 | DEBUG | repo=2017-course-sys-int-activemq-seminar | action=edit | files=1
2025-05-17 07:03:00 | DEBUG | repo=2017-course-sys-int-activemq-seminar | action=edit | files=4
2025-12-25 15:31:00 | WARN | repo=2017-course-sys-int-activemq-seminar | action=pull
2025-04-16 10:17:00 | WARN | repo=2017-course-sys-int-activemq-seminar | action=commit
